<?xml version="1.0" encoding="UTF-8"?>
<testsuite xmlns:xsi="http://www.w3.org/2001/XMLSchema-instance" xsi:noNamespaceSchemaLocation="https://maven.apache.org/surefire/maven-surefire-plugin/xsd/surefire-test-report.xsd" name="ru.netology.BonusServiceTest" time="0.034" tests="10" errors="0" skipped="0" failures="0">
  <properties>
[...]
</properties>
  <testcase name="shouldCalculateForUnregisteredAndBonusNearLimit" classname="ru.netology.BonusServiceTest" time="0.02"/>
  <testcase name="shouldCalculateForUnregisteredAndZeroAmount" classname="ru.netology.BonusServiceTest" time="0"/>
  <testcase name="shouldCalculateForUnregisteredAndUnderLimit" classname="ru.netology.BonusServiceTest" time="0.001"/>
  <testcase name="shouldCalculateForUnregisteredAndOverLimit" classname="ru.netology.BonusServiceTest" time="0"/>
  <testcase name="shouldCalculateForRegisteredAndNegativeAmount" classname="ru.netology.BonusServiceTest" time="0"/>
  <testcase name="shouldCalculateForRegisteredAndOverLimit" classname="ru.netology.BonusServiceTest" time="0"/>
  <testcase name="shouldCalculateForUnregisteredAndNegativeAmount" classname="ru.netology.BonusServiceTest" time="0"/>
  <testcase name="shouldCalculateForRegisteredAndZeroAmount" classname="ru.netology.BonusServiceTest" time="0.001"/>
  <testcase name="shouldCalculateForRegisteredAndUnderLimit" classname="ru.netology.BonusServiceTest" time="0"/>
  <testcase name="shouldCalculateForRegisteredAndBonusNearLimit" classname="ru.netology.BonusServiceTest" time="0"/>
</testsuite>